API endpoint: http://localhost:8081
If you are using a library that supports the FIRESTORE_EMULATOR_HOST environment variable, run:

   export FIRESTORE_EMULATOR_HOST=localhost:8081

Dev App Server is now running.

Aug 28, 2021 9:38:46 PM io.gapi.emulators.netty.HttpVersionRoutingHandler channelRead
INFO: Detected non-HTTP/2 connection.
Aug 28, 2021 9:38:47 PM io.gapi.emulators.netty.HttpVersionRoutingHandler channelRead
INFO: Detected non-HTTP/2 connection.
Aug 28, 2021 9:38:48 PM io.gapi.emulators.netty.HttpVersionRoutingHandler channelRead
INFO: Detected non-HTTP/2 connection.
Aug 28, 2021 9:39:23 PM io.gapi.emulators.netty.HttpVersionRoutingHandler channelRead
INFO: Detected non-HTTP/2 connection.
Aug 28, 2021 9:39:23 PM io.gapi.emulators.netty.NotFoundHandler handleRequest
INFO: Unknown request URI: /p2p/Qmbut9Ywz9YEDrz8ySBSgWyJk41Uvm2QJPhwDJzJyGFsD6
Aug 28, 2021 9:39:24 PM io.gapi.emulators.netty.HttpVersionRoutingHandler channelRead
INFO: Detected non-HTTP/2 connection.
Aug 28, 2021 9:39:24 PM io.gapi.emulators.netty.NotFoundHandler handleRequest
INFO: Unknown request URI: /p2p/QmZMxNdpMkewiVZLMRxaNxUeZpDUb34pWjZ1kZvsd16Zic
Aug 28, 2021 9:39:24 PM io.gapi.emulators.netty.HttpVersionRoutingHandler channelRead
INFO: Detected non-HTTP/2 connection.
Aug 28, 2021 9:39:24 PM io.gapi.emulators.netty.NotFoundHandler handleRequest
INFO: Unknown request URI: /p2p/QmY7JB6MQXhxHvq7dBDh4HpbH29v4yE9JRadAVpndvzySN
Aug 28, 2021 9:39:25 PM io.gapi.emulators.netty.HttpVersionRoutingHandler channelRead
INFO: Detected non-HTTP/2 connection.
Aug 28, 2021 9:39:25 PM io.gapi.emulators.netty.NotFoundHandler handleRequest
INFO: Unknown request URI: /p2p/QmV7gnbW5VTcJ3oyM2Xk1rdFBJ3kTkvxc87UFGsun29STS
Aug 28, 2021 9:39:48 PM io.gapi.emulators.netty.HttpVersionRoutingHandler channelRead
INFO: Detected non-HTTP/2 connection.
Aug 28, 2021 9:40:06 PM io.gapi.emulators.netty.HttpVersionRoutingHandler channelRead
INFO: Detected non-HTTP/2 connection.
Aug 28, 2021 9:40:06 PM io.gapi.emulators.netty.NotFoundHandler handleRequest
INFO: Unknown request URI: /p2p/Qmbut9Ywz9YEDrz8ySBSgWyJk41Uvm2QJPhwDJzJyGFsD6
Aug 28, 2021 9:40:48 PM io.gapi.emulators.netty.HttpVersionRoutingHandler channelRead
INFO: Detected non-HTTP/2 connection.
Aug 28, 2021 9:40:48 PM com.google.net.webchannel.server.common.CorsFilter populateCustomHeaders
WARNING: Invalid $httpHeaders: X-Goog-Api-Client:gl-js/ fire/8.6.8
Content-Type:text/plain
X-Firebase-GMPID:1:508100650317:web:90233dfaea85f4b56e0304
Authorization:Bearer eyJhbGciOiJSUzI1NiIsImtpZCI6IjkwMDk1YmM2ZGM2ZDY3NzkxZDdkYTFlZWIxYTU1OWEzZDViMmM0ODYiLCJ0eXAiOiJKV1QifQ.eyJpc3MiOiJodHRwczovL3NlY3VyZXRva2VuLmdvb2dsZS5jb20veWF5dHNvIiwiYXVkIjoieWF5dHNvIiwiYXV0aF90aW1lIjoxNjI4OTkzMTY1LCJ1c2VyX2lkIjoiTGtaazAwQmZuUlpnWmF5Mmh1WWxKdDhob2R1MiIsInN1YiI6IkxrWmswMEJmblJaZ1pheTJodVlsSnQ4aG9kdTIiLCJpYXQiOjE2MzAyMTAxMTcsImV4cCI6MTYzMDIxMzcxNywicGhvbmVfbnVtYmVyIjoiKzE0MTU5NjcxNjQyIiwiZmlyZWJhc2UiOnsiaWRlbnRpdGllcyI6eyJwaG9uZSI6WyIrMTQxNTk2NzE2NDIiXX0sInNpZ25faW5fcHJvdmlkZXIiOiJwaG9uZSJ9fQ.CRVIjNdqMJz8pguKe1CnPUMBxVDZotQyFwOaUxJDf_NB6VXB-P-SAbAgWdgqFHcWRmhV4b4et_bXMy93jNzzXEoqHsQjZCYq4TcFzgfsY85dRWohld3ttmvrujRsE9mk62JA7dogVdfuTJOkbFKpQQ8_oP9T5lJN9RoUA6q2Ldnw4iRTiu60wwaMv_1tLuuBMeNgCqH4Njg1yG8SEVkGlUMtMJot00EAYf4Tg3pNKeL4gbrPQwq44efRYjq_gaftIjN9fspGKJMPdBlEQ35KwB3qXFcaG_K9aL6BIOdD0MZ-XVcnu8HTVu6auufP6zGp7Tw3N176N008WacF8bAWuQ

Aug 28, 2021 9:40:48 PM io.gapi.emulators.netty.HttpVersionRoutingHandler channelRead
INFO: Detected non-HTTP/2 connection.
Aug 28, 2021 9:40:48 PM io.gapi.emulators.netty.HttpVersionRoutingHandler channelRead
INFO: Detected non-HTTP/2 connection.
Aug 28, 2021 9:40:49 PM io.gapi.emulators.netty.HttpVersionRoutingHandler channelRead
INFO: Detected non-HTTP/2 connection.
Aug 28, 2021 9:40:49 PM io.gapi.emulators.netty.HttpVersionRoutingHandler channelRead
INFO: Detected non-HTTP/2 connection.
Aug 28, 2021 9:41:17 PM io.gapi.emulators.netty.HttpVersionRoutingHandler channelRead
INFO: Detected non-HTTP/2 connection.
Aug 28, 2021 9:41:49 PM io.gapi.emulators.netty.HttpVersionRoutingHandler channelRead
INFO: Detected non-HTTP/2 connection.
Aug 28, 2021 9:41:49 PM io.gapi.emulators.netty.HttpVersionRoutingHandler channelRead
INFO: Detected non-HTTP/2 connection.
Aug 28, 2021 9:42:49 PM io.gapi.emulators.netty.HttpVersionRoutingHandler channelRead
INFO: Detected non-HTTP/2 connection.
Aug 28, 2021 9:42:53 PM io.gapi.emulators.netty.HttpVersionRoutingHandler channelRead
INFO: Detected non-HTTP/2 connection.
Aug 28, 2021 9:42:53 PM com.google.net.webchannel.server.common.CorsFilter populateCustomHeaders
WARNING: Invalid $httpHeaders: X-Goog-Api-Client:gl-js/ fire/8.6.8
Content-Type:text/plain
X-Firebase-GMPID:1:508100650317:web:90233dfaea85f4b56e0304
Authorization:Bearer eyJhbGciOiJSUzI1NiIsImtpZCI6IjkwMDk1YmM2ZGM2ZDY3NzkxZDdkYTFlZWIxYTU1OWEzZDViMmM0ODYiLCJ0eXAiOiJKV1QifQ.eyJpc3MiOiJodHRwczovL3NlY3VyZXRva2VuLmdvb2dsZS5jb20veWF5dHNvIiwiYXVkIjoieWF5dHNvIiwiYXV0aF90aW1lIjoxNjI4OTkzMTY1LCJ1c2VyX2lkIjoiTGtaazAwQmZuUlpnWmF5Mmh1WWxKdDhob2R1MiIsInN1YiI6IkxrWmswMEJmblJaZ1pheTJodVlsSnQ4aG9kdTIiLCJpYXQiOjE2MzAyMTAxMTcsImV4cCI6MTYzMDIxMzcxNywicGhvbmVfbnVtYmVyIjoiKzE0MTU5NjcxNjQyIiwiZmlyZWJhc2UiOnsiaWRlbnRpdGllcyI6eyJwaG9uZSI6WyIrMTQxNTk2NzE2NDIiXX0sInNpZ25faW5fcHJvdmlkZXIiOiJwaG9uZSJ9fQ.CRVIjNdqMJz8pguKe1CnPUMBxVDZotQyFwOaUxJDf_NB6VXB-P-SAbAgWdgqFHcWRmhV4b4et_bXMy93jNzzXEoqHsQjZCYq4TcFzgfsY85dRWohld3ttmvrujRsE9mk62JA7dogVdfuTJOkbFKpQQ8_oP9T5lJN9RoUA6q2Ldnw4iRTiu60wwaMv_1tLuuBMeNgCqH4Njg1yG8SEVkGlUMtMJot00EAYf4Tg3pNKeL4gbrPQwq44efRYjq_gaftIjN9fspGKJMPdBlEQ35KwB3qXFcaG_K9aL6BIOdD0MZ-XVcnu8HTVu6auufP6zGp7Tw3N176N008WacF8bAWuQ

Aug 28, 2021 9:42:53 PM io.gapi.emulators.netty.HttpVersionRoutingHandler channelRead
INFO: Detected non-HTTP/2 connection.
Aug 28, 2021 9:42:54 PM io.gapi.emulators.netty.HttpVersionRoutingHandler channelRead
INFO: Detected non-HTTP/2 connection.
Aug 28, 2021 9:42:54 PM io.gapi.emulators.netty.HttpVersionRoutingHandler channelRead
INFO: Detected non-HTTP/2 connection.
Aug 28, 2021 9:43:27 PM io.gapi.emulators.netty.HttpVersionRoutingHandler channelRead
INFO: Detected non-HTTP/2 connection.
Aug 28, 2021 9:43:27 PM io.gapi.emulators.netty.NotFoundHandler handleRequest
INFO: Unknown request URI: /p2p/QmY7JB6MQXhxHvq7dBDh4HpbH29v4yE9JRadAVpndvzySN
Aug 28, 2021 9:43:49 PM io.gapi.emulators.netty.HttpVersionRoutingHandler channelRead
INFO: Detected non-HTTP/2 connection.
Aug 28, 2021 9:43:54 PM io.gapi.emulators.netty.HttpVersionRoutingHandler channelRead
INFO: Detected non-HTTP/2 connection.
Aug 28, 2021 9:44:44 PM io.gapi.emulators.netty.HttpVersionRoutingHandler channelRead
INFO: Detected non-HTTP/2 connection.
Aug 28, 2021 9:44:44 PM io.gapi.emulators.netty.HttpVersionRoutingHandler channelRead
INFO: Detected non-HTTP/2 connection.
Aug 28, 2021 9:44:44 PM io.gapi.emulators.netty.HttpVersionRoutingHandler channelRead
INFO: Detected non-HTTP/2 connection.
Aug 28, 2021 9:44:44 PM io.gapi.emulators.netty.HttpVersionRoutingHandler channelRead
INFO: Detected HTTP/2 connection.
Aug 28, 2021 9:44:50 PM io.gapi.emulators.netty.HttpVersionRoutingHandler channelRead
INFO: Detected non-HTTP/2 connection.
Aug 28, 2021 9:44:50 PM io.gapi.emulators.netty.HttpVersionRoutingHandler channelRead
INFO: Detected non-HTTP/2 connection.
Aug 28, 2021 9:44:50 PM com.google.net.webchannel.server.common.CorsFilter populateCustomHeaders
WARNING: Invalid $httpHeaders: X-Goog-Api-Client:gl-js/ fire/8.6.8
Content-Type:text/plain
X-Firebase-GMPID:1:508100650317:web:90233dfaea85f4b56e0304
Authorization:Bearer eyJhbGciOiJSUzI1NiIsImtpZCI6IjkwMDk1YmM2ZGM2ZDY3NzkxZDdkYTFlZWIxYTU1OWEzZDViMmM0ODYiLCJ0eXAiOiJKV1QifQ.eyJpc3MiOiJodHRwczovL3NlY3VyZXRva2VuLmdvb2dsZS5jb20veWF5dHNvIiwiYXVkIjoieWF5dHNvIiwiYXV0aF90aW1lIjoxNjI4OTkzMTY1LCJ1c2VyX2lkIjoiTGtaazAwQmZuUlpnWmF5Mmh1WWxKdDhob2R1MiIsInN1YiI6IkxrWmswMEJmblJaZ1pheTJodVlsSnQ4aG9kdTIiLCJpYXQiOjE2MzAyMTAxMTcsImV4cCI6MTYzMDIxMzcxNywicGhvbmVfbnVtYmVyIjoiKzE0MTU5NjcxNjQyIiwiZmlyZWJhc2UiOnsiaWRlbnRpdGllcyI6eyJwaG9uZSI6WyIrMTQxNTk2NzE2NDIiXX0sInNpZ25faW5fcHJvdmlkZXIiOiJwaG9uZSJ9fQ.CRVIjNdqMJz8pguKe1CnPUMBxVDZotQyFwOaUxJDf_NB6VXB-P-SAbAgWdgqFHcWRmhV4b4et_bXMy93jNzzXEoqHsQjZCYq4TcFzgfsY85dRWohld3ttmvrujRsE9mk62JA7dogVdfuTJOkbFKpQQ8_oP9T5lJN9RoUA6q2Ldnw4iRTiu60wwaMv_1tLuuBMeNgCqH4Njg1yG8SEVkGlUMtMJot00EAYf4Tg3pNKeL4gbrPQwq44efRYjq_gaftIjN9fspGKJMPdBlEQ35KwB3qXFcaG_K9aL6BIOdD0MZ-XVcnu8HTVu6auufP6zGp7Tw3N176N008WacF8bAWuQ

Aug 28, 2021 9:44:50 PM io.gapi.emulators.netty.HttpVersionRoutingHandler channelRead
INFO: Detected non-HTTP/2 connection.
Aug 28, 2021 9:44:51 PM io.gapi.emulators.netty.HttpVersionRoutingHandler channelRead
INFO: Detected non-HTTP/2 connection.
Aug 28, 2021 9:44:51 PM io.gapi.emulators.netty.HttpVersionRoutingHandler channelRead
INFO: Detected non-HTTP/2 connection.
Aug 28, 2021 9:44:55 PM io.gapi.emulators.netty.HttpVersionRoutingHandler channelRead
INFO: Detected non-HTTP/2 connection.
Aug 28, 2021 9:44:55 PM com.google.net.webchannel.server.common.CorsFilter populateCustomHeaders
WARNING: Invalid $httpHeaders: X-Goog-Api-Client:gl-js/ fire/8.6.8
Content-Type:text/plain
X-Firebase-GMPID:1:508100650317:web:90233dfaea85f4b56e0304
Authorization:Bearer eyJhbGciOiJSUzI1NiIsImtpZCI6IjkwMDk1YmM2ZGM2ZDY3NzkxZDdkYTFlZWIxYTU1OWEzZDViMmM0ODYiLCJ0eXAiOiJKV1QifQ.eyJpc3MiOiJodHRwczovL3NlY3VyZXRva2VuLmdvb2dsZS5jb20veWF5dHNvIiwiYXVkIjoieWF5dHNvIiwiYXV0aF90aW1lIjoxNjI4OTkzMTY1LCJ1c2VyX2lkIjoiTGtaazAwQmZuUlpnWmF5Mmh1WWxKdDhob2R1MiIsInN1YiI6IkxrWmswMEJmblJaZ1pheTJodVlsSnQ4aG9kdTIiLCJpYXQiOjE2MzAyMTAxMTcsImV4cCI6MTYzMDIxMzcxNywicGhvbmVfbnVtYmVyIjoiKzE0MTU5NjcxNjQyIiwiZmlyZWJhc2UiOnsiaWRlbnRpdGllcyI6eyJwaG9uZSI6WyIrMTQxNTk2NzE2NDIiXX0sInNpZ25faW5fcHJvdmlkZXIiOiJwaG9uZSJ9fQ.CRVIjNdqMJz8pguKe1CnPUMBxVDZotQyFwOaUxJDf_NB6VXB-P-SAbAgWdgqFHcWRmhV4b4et_bXMy93jNzzXEoqHsQjZCYq4TcFzgfsY85dRWohld3ttmvrujRsE9mk62JA7dogVdfuTJOkbFKpQQ8_oP9T5lJN9RoUA6q2Ldnw4iRTiu60wwaMv_1tLuuBMeNgCqH4Njg1yG8SEVkGlUMtMJot00EAYf4Tg3pNKeL4gbrPQwq44efRYjq_gaftIjN9fspGKJMPdBlEQ35KwB3qXFcaG_K9aL6BIOdD0MZ-XVcnu8HTVu6auufP6zGp7Tw3N176N008WacF8bAWuQ

Aug 28, 2021 9:44:56 PM io.gapi.emulators.netty.HttpVersionRoutingHandler channelRead
INFO: Detected non-HTTP/2 connection.
Aug 28, 2021 9:44:56 PM io.gapi.emulators.netty.HttpVersionRoutingHandler channelRead
INFO: Detected non-HTTP/2 connection.
Aug 28, 2021 9:44:56 PM io.gapi.emulators.netty.HttpVersionRoutingHandler channelRead
INFO: Detected non-HTTP/2 connection.
Aug 28, 2021 9:45:25 PM io.gapi.emulators.netty.HttpVersionRoutingHandler channelRead
INFO: Detected non-HTTP/2 connection.
Aug 28, 2021 9:45:27 PM io.gapi.emulators.netty.HttpVersionRoutingHandler channelRead
INFO: Detected non-HTTP/2 connection.
Aug 28, 2021 9:45:27 PM com.google.net.webchannel.server.common.CorsFilter populateCustomHeaders
WARNING: Invalid $httpHeaders: X-Goog-Api-Client:gl-js/ fire/8.6.8
Content-Type:text/plain
X-Firebase-GMPID:1:508100650317:web:90233dfaea85f4b56e0304
Authorization:Bearer eyJhbGciOiJSUzI1NiIsImtpZCI6IjkwMDk1YmM2ZGM2ZDY3NzkxZDdkYTFlZWIxYTU1OWEzZDViMmM0ODYiLCJ0eXAiOiJKV1QifQ.eyJpc3MiOiJodHRwczovL3NlY3VyZXRva2VuLmdvb2dsZS5jb20veWF5dHNvIiwiYXVkIjoieWF5dHNvIiwiYXV0aF90aW1lIjoxNjI4OTkzMTY1LCJ1c2VyX2lkIjoiTGtaazAwQmZuUlpnWmF5Mmh1WWxKdDhob2R1MiIsInN1YiI6IkxrWmswMEJmblJaZ1pheTJodVlsSnQ4aG9kdTIiLCJpYXQiOjE2MzAyMTAxMTcsImV4cCI6MTYzMDIxMzcxNywicGhvbmVfbnVtYmVyIjoiKzE0MTU5NjcxNjQyIiwiZmlyZWJhc2UiOnsiaWRlbnRpdGllcyI6eyJwaG9uZSI6WyIrMTQxNTk2NzE2NDIiXX0sInNpZ25faW5fcHJvdmlkZXIiOiJwaG9uZSJ9fQ.CRVIjNdqMJz8pguKe1CnPUMBxVDZotQyFwOaUxJDf_NB6VXB-P-SAbAgWdgqFHcWRmhV4b4et_bXMy93jNzzXEoqHsQjZCYq4TcFzgfsY85dRWohld3ttmvrujRsE9mk62JA7dogVdfuTJOkbFKpQQ8_oP9T5lJN9RoUA6q2Ldnw4iRTiu60wwaMv_1tLuuBMeNgCqH4Njg1yG8SEVkGlUMtMJot00EAYf4Tg3pNKeL4gbrPQwq44efRYjq_gaftIjN9fspGKJMPdBlEQ35KwB3qXFcaG_K9aL6BIOdD0MZ-XVcnu8HTVu6auufP6zGp7Tw3N176N008WacF8bAWuQ

Aug 28, 2021 9:45:27 PM io.gapi.emulators.netty.HttpVersionRoutingHandler channelRead
INFO: Detected non-HTTP/2 connection.
Aug 28, 2021 9:45:28 PM io.gapi.emulators.netty.HttpVersionRoutingHandler channelRead
INFO: Detected non-HTTP/2 connection.
Aug 28, 2021 9:45:28 PM io.gapi.emulators.netty.HttpVersionRoutingHandler channelRead
INFO: Detected non-HTTP/2 connection.
Aug 28, 2021 9:45:41 PM io.gapi.emulators.netty.HttpVersionRoutingHandler channelRead
INFO: Detected non-HTTP/2 connection.
Aug 28, 2021 9:45:41 PM com.google.net.webchannel.server.common.CorsFilter populateCustomHeaders
WARNING: Invalid $httpHeaders: X-Goog-Api-Client:gl-js/ fire/8.6.8
Content-Type:text/plain
X-Firebase-GMPID:1:508100650317:web:90233dfaea85f4b56e0304
Authorization:Bearer eyJhbGciOiJSUzI1NiIsImtpZCI6IjkwMDk1YmM2ZGM2ZDY3NzkxZDdkYTFlZWIxYTU1OWEzZDViMmM0ODYiLCJ0eXAiOiJKV1QifQ.eyJpc3MiOiJodHRwczovL3NlY3VyZXRva2VuLmdvb2dsZS5jb20veWF5dHNvIiwiYXVkIjoieWF5dHNvIiwiYXV0aF90aW1lIjoxNjI4OTkzMTY1LCJ1c2VyX2lkIjoiTGtaazAwQmZuUlpnWmF5Mmh1WWxKdDhob2R1MiIsInN1YiI6IkxrWmswMEJmblJaZ1pheTJodVlsSnQ4aG9kdTIiLCJpYXQiOjE2MzAyMTAxMTcsImV4cCI6MTYzMDIxMzcxNywicGhvbmVfbnVtYmVyIjoiKzE0MTU5NjcxNjQyIiwiZmlyZWJhc2UiOnsiaWRlbnRpdGllcyI6eyJwaG9uZSI6WyIrMTQxNTk2NzE2NDIiXX0sInNpZ25faW5fcHJvdmlkZXIiOiJwaG9uZSJ9fQ.CRVIjNdqMJz8pguKe1CnPUMBxVDZotQyFwOaUxJDf_NB6VXB-P-SAbAgWdgqFHcWRmhV4b4et_bXMy93jNzzXEoqHsQjZCYq4TcFzgfsY85dRWohld3ttmvrujRsE9mk62JA7dogVdfuTJOkbFKpQQ8_oP9T5lJN9RoUA6q2Ldnw4iRTiu60wwaMv_1tLuuBMeNgCqH4Njg1yG8SEVkGlUMtMJot00EAYf4Tg3pNKeL4gbrPQwq44efRYjq_gaftIjN9fspGKJMPdBlEQ35KwB3qXFcaG_K9aL6BIOdD0MZ-XVcnu8HTVu6auufP6zGp7Tw3N176N008WacF8bAWuQ

Aug 28, 2021 9:45:41 PM io.gapi.emulators.netty.HttpVersionRoutingHandler channelRead
INFO: Detected non-HTTP/2 connection.
Aug 28, 2021 9:45:42 PM io.gapi.emulators.netty.HttpVersionRoutingHandler channelRead
INFO: Detected non-HTTP/2 connection.
Aug 28, 2021 9:45:42 PM io.gapi.emulators.netty.HttpVersionRoutingHandler channelRead
INFO: Detected non-HTTP/2 connection.
Aug 28, 2021 9:45:50 PM io.gapi.emulators.netty.HttpVersionRoutingHandler channelRead
INFO: Detected non-HTTP/2 connection.
Aug 28, 2021 9:45:58 PM io.gapi.emulators.netty.HttpVersionRoutingHandler channelRead
INFO: Detected non-HTTP/2 connection.
Aug 28, 2021 9:45:58 PM com.google.net.webchannel.server.common.CorsFilter populateCustomHeaders
WARNING: Invalid $httpHeaders: X-Goog-Api-Client:gl-js/ fire/8.6.8
Content-Type:text/plain
X-Firebase-GMPID:1:508100650317:web:90233dfaea85f4b56e0304
Authorization:Bearer eyJhbGciOiJSUzI1NiIsImtpZCI6IjkwMDk1YmM2ZGM2ZDY3NzkxZDdkYTFlZWIxYTU1OWEzZDViMmM0ODYiLCJ0eXAiOiJKV1QifQ.eyJpc3MiOiJodHRwczovL3NlY3VyZXRva2VuLmdvb2dsZS5jb20veWF5dHNvIiwiYXVkIjoieWF5dHNvIiwiYXV0aF90aW1lIjoxNjI4OTkzMTY1LCJ1c2VyX2lkIjoiTGtaazAwQmZuUlpnWmF5Mmh1WWxKdDhob2R1MiIsInN1YiI6IkxrWmswMEJmblJaZ1pheTJodVlsSnQ4aG9kdTIiLCJpYXQiOjE2MzAyMTAxMTcsImV4cCI6MTYzMDIxMzcxNywicGhvbmVfbnVtYmVyIjoiKzE0MTU5NjcxNjQyIiwiZmlyZWJhc2UiOnsiaWRlbnRpdGllcyI6eyJwaG9uZSI6WyIrMTQxNTk2NzE2NDIiXX0sInNpZ25faW5fcHJvdmlkZXIiOiJwaG9uZSJ9fQ.CRVIjNdqMJz8pguKe1CnPUMBxVDZotQyFwOaUxJDf_NB6VXB-P-SAbAgWdgqFHcWRmhV4b4et_bXMy93jNzzXEoqHsQjZCYq4TcFzgfsY85dRWohld3ttmvrujRsE9mk62JA7dogVdfuTJOkbFKpQQ8_oP9T5lJN9RoUA6q2Ldnw4iRTiu60wwaMv_1tLuuBMeNgCqH4Njg1yG8SEVkGlUMtMJot00EAYf4Tg3pNKeL4gbrPQwq44efRYjq_gaftIjN9fspGKJMPdBlEQ35KwB3qXFcaG_K9aL6BIOdD0MZ-XVcnu8HTVu6auufP6zGp7Tw3N176N008WacF8bAWuQ

Aug 28, 2021 9:45:59 PM io.gapi.emulators.netty.HttpVersionRoutingHandler channelRead
INFO: Detected non-HTTP/2 connection.
Aug 28, 2021 9:45:59 PM io.gapi.emulators.netty.HttpVersionRoutingHandler channelRead
INFO: Detected non-HTTP/2 connection.
Aug 28, 2021 9:45:59 PM io.gapi.emulators.netty.HttpVersionRoutingHandler channelRead
INFO: Detected non-HTTP/2 connection.
Aug 28, 2021 9:46:23 PM io.gapi.emulators.netty.HttpVersionRoutingHandler channelRead
INFO: Detected non-HTTP/2 connection.
Aug 28, 2021 9:46:27 PM io.gapi.emulators.netty.HttpVersionRoutingHandler channelRead
INFO: Detected non-HTTP/2 connection.
Aug 28, 2021 9:46:27 PM com.google.net.webchannel.server.common.CorsFilter populateCustomHeaders
WARNING: Invalid $httpHeaders: X-Goog-Api-Client:gl-js/ fire/8.6.8
Content-Type:text/plain
X-Firebase-GMPID:1:508100650317:web:90233dfaea85f4b56e0304
Authorization:Bearer eyJhbGciOiJSUzI1NiIsImtpZCI6IjkwMDk1YmM2ZGM2ZDY3NzkxZDdkYTFlZWIxYTU1OWEzZDViMmM0ODYiLCJ0eXAiOiJKV1QifQ.eyJpc3MiOiJodHRwczovL3NlY3VyZXRva2VuLmdvb2dsZS5jb20veWF5dHNvIiwiYXVkIjoieWF5dHNvIiwiYXV0aF90aW1lIjoxNjI4OTkzMTY1LCJ1c2VyX2lkIjoiTGtaazAwQmZuUlpnWmF5Mmh1WWxKdDhob2R1MiIsInN1YiI6IkxrWmswMEJmblJaZ1pheTJodVlsSnQ4aG9kdTIiLCJpYXQiOjE2MzAyMTAxMTcsImV4cCI6MTYzMDIxMzcxNywicGhvbmVfbnVtYmVyIjoiKzE0MTU5NjcxNjQyIiwiZmlyZWJhc2UiOnsiaWRlbnRpdGllcyI6eyJwaG9uZSI6WyIrMTQxNTk2NzE2NDIiXX0sInNpZ25faW5fcHJvdmlkZXIiOiJwaG9uZSJ9fQ.CRVIjNdqMJz8pguKe1CnPUMBxVDZotQyFwOaUxJDf_NB6VXB-P-SAbAgWdgqFHcWRmhV4b4et_bXMy93jNzzXEoqHsQjZCYq4TcFzgfsY85dRWohld3ttmvrujRsE9mk62JA7dogVdfuTJOkbFKpQQ8_oP9T5lJN9RoUA6q2Ldnw4iRTiu60wwaMv_1tLuuBMeNgCqH4Njg1yG8SEVkGlUMtMJot00EAYf4Tg3pNKeL4gbrPQwq44efRYjq_gaftIjN9fspGKJMPdBlEQ35KwB3qXFcaG_K9aL6BIOdD0MZ-XVcnu8HTVu6auufP6zGp7Tw3N176N008WacF8bAWuQ

Aug 28, 2021 9:46:27 PM io.gapi.emulators.netty.HttpVersionRoutingHandler channelRead
INFO: Detected non-HTTP/2 connection.
Aug 28, 2021 9:46:27 PM io.gapi.emulators.netty.HttpVersionRoutingHandler channelRead
INFO: Detected non-HTTP/2 connection.
Aug 28, 2021 9:46:28 PM io.gapi.emulators.netty.HttpVersionRoutingHandler channelRead
INFO: Detected non-HTTP/2 connection.
Aug 28, 2021 9:46:47 PM io.gapi.emulators.netty.HttpVersionRoutingHandler channelRead
INFO: Detected non-HTTP/2 connection.
Aug 28, 2021 9:46:47 PM com.google.net.webchannel.server.common.CorsFilter populateCustomHeaders
WARNING: Invalid $httpHeaders: X-Goog-Api-Client:gl-js/ fire/8.6.8
Content-Type:text/plain
X-Firebase-GMPID:1:508100650317:web:90233dfaea85f4b56e0304
Authorization:Bearer eyJhbGciOiJSUzI1NiIsImtpZCI6IjkwMDk1YmM2ZGM2ZDY3NzkxZDdkYTFlZWIxYTU1OWEzZDViMmM0ODYiLCJ0eXAiOiJKV1QifQ.eyJpc3MiOiJodHRwczovL3NlY3VyZXRva2VuLmdvb2dsZS5jb20veWF5dHNvIiwiYXVkIjoieWF5dHNvIiwiYXV0aF90aW1lIjoxNjI4OTkzMTY1LCJ1c2VyX2lkIjoiTGtaazAwQmZuUlpnWmF5Mmh1WWxKdDhob2R1MiIsInN1YiI6IkxrWmswMEJmblJaZ1pheTJodVlsSnQ4aG9kdTIiLCJpYXQiOjE2MzAyMTAxMTcsImV4cCI6MTYzMDIxMzcxNywicGhvbmVfbnVtYmVyIjoiKzE0MTU5NjcxNjQyIiwiZmlyZWJhc2UiOnsiaWRlbnRpdGllcyI6eyJwaG9uZSI6WyIrMTQxNTk2NzE2NDIiXX0sInNpZ25faW5fcHJvdmlkZXIiOiJwaG9uZSJ9fQ.CRVIjNdqMJz8pguKe1CnPUMBxVDZotQyFwOaUxJDf_NB6VXB-P-SAbAgWdgqFHcWRmhV4b4et_bXMy93jNzzXEoqHsQjZCYq4TcFzgfsY85dRWohld3ttmvrujRsE9mk62JA7dogVdfuTJOkbFKpQQ8_oP9T5lJN9RoUA6q2Ldnw4iRTiu60wwaMv_1tLuuBMeNgCqH4Njg1yG8SEVkGlUMtMJot00EAYf4Tg3pNKeL4gbrPQwq44efRYjq_gaftIjN9fspGKJMPdBlEQ35KwB3qXFcaG_K9aL6BIOdD0MZ-XVcnu8HTVu6auufP6zGp7Tw3N176N008WacF8bAWuQ

Aug 28, 2021 9:46:48 PM io.gapi.emulators.netty.HttpVersionRoutingHandler channelRead
INFO: Detected non-HTTP/2 connection.
Aug 28, 2021 9:46:48 PM io.gapi.emulators.netty.HttpVersionRoutingHandler channelRead
INFO: Detected non-HTTP/2 connection.
Aug 28, 2021 9:46:48 PM io.gapi.emulators.netty.HttpVersionRoutingHandler channelRead
INFO: Detected non-HTTP/2 connection.
Aug 28, 2021 9:46:50 PM io.gapi.emulators.netty.HttpVersionRoutingHandler channelRead
INFO: Detected non-HTTP/2 connection.
Aug 28, 2021 9:46:50 PM com.google.net.webchannel.server.common.CorsFilter populateCustomHeaders
WARNING: Invalid $httpHeaders: X-Goog-Api-Client:gl-js/ fire/8.6.8
Content-Type:text/plain
X-Firebase-GMPID:1:508100650317:web:90233dfaea85f4b56e0304
Authorization:Bearer eyJhbGciOiJSUzI1NiIsImtpZCI6IjkwMDk1YmM2ZGM2ZDY3NzkxZDdkYTFlZWIxYTU1OWEzZDViMmM0ODYiLCJ0eXAiOiJKV1QifQ.eyJpc3MiOiJodHRwczovL3NlY3VyZXRva2VuLmdvb2dsZS5jb20veWF5dHNvIiwiYXVkIjoieWF5dHNvIiwiYXV0aF90aW1lIjoxNjI4OTkzMTY1LCJ1c2VyX2lkIjoiTGtaazAwQmZuUlpnWmF5Mmh1WWxKdDhob2R1MiIsInN1YiI6IkxrWmswMEJmblJaZ1pheTJodVlsSnQ4aG9kdTIiLCJpYXQiOjE2MzAyMTAxMTcsImV4cCI6MTYzMDIxMzcxNywicGhvbmVfbnVtYmVyIjoiKzE0MTU5NjcxNjQyIiwiZmlyZWJhc2UiOnsiaWRlbnRpdGllcyI6eyJwaG9uZSI6WyIrMTQxNTk2NzE2NDIiXX0sInNpZ25faW5fcHJvdmlkZXIiOiJwaG9uZSJ9fQ.CRVIjNdqMJz8pguKe1CnPUMBxVDZotQyFwOaUxJDf_NB6VXB-P-SAbAgWdgqFHcWRmhV4b4et_bXMy93jNzzXEoqHsQjZCYq4TcFzgfsY85dRWohld3ttmvrujRsE9mk62JA7dogVdfuTJOkbFKpQQ8_oP9T5lJN9RoUA6q2Ldnw4iRTiu60wwaMv_1tLuuBMeNgCqH4Njg1yG8SEVkGlUMtMJot00EAYf4Tg3pNKeL4gbrPQwq44efRYjq_gaftIjN9fspGKJMPdBlEQ35KwB3qXFcaG_K9aL6BIOdD0MZ-XVcnu8HTVu6auufP6zGp7Tw3N176N008WacF8bAWuQ

Aug 28, 2021 9:46:50 PM io.gapi.emulators.netty.HttpVersionRoutingHandler channelRead
INFO: Detected non-HTTP/2 connection.
Aug 28, 2021 9:46:50 PM io.gapi.emulators.netty.HttpVersionRoutingHandler channelRead
INFO: Detected non-HTTP/2 connection.
Aug 28, 2021 9:46:51 PM io.gapi.emulators.netty.HttpVersionRoutingHandler channelRead
INFO: Detected non-HTTP/2 connection.
Aug 28, 2021 9:46:51 PM io.gapi.emulators.netty.HttpVersionRoutingHandler channelRead
INFO: Detected non-HTTP/2 connection.
Aug 28, 2021 9:47:08 PM io.gapi.emulators.netty.HttpVersionRoutingHandler channelRead
INFO: Detected non-HTTP/2 connection.
Aug 28, 2021 9:47:08 PM com.google.net.webchannel.server.common.CorsFilter populateCustomHeaders
WARNING: Invalid $httpHeaders: X-Goog-Api-Client:gl-js/ fire/8.6.8
Content-Type:text/plain
X-Firebase-GMPID:1:508100650317:web:90233dfaea85f4b56e0304
Authorization:Bearer eyJhbGciOiJSUzI1NiIsImtpZCI6IjkwMDk1YmM2ZGM2ZDY3NzkxZDdkYTFlZWIxYTU1OWEzZDViMmM0ODYiLCJ0eXAiOiJKV1QifQ.eyJpc3MiOiJodHRwczovL3NlY3VyZXRva2VuLmdvb2dsZS5jb20veWF5dHNvIiwiYXVkIjoieWF5dHNvIiwiYXV0aF90aW1lIjoxNjI4OTkzMTY1LCJ1c2VyX2lkIjoiTGtaazAwQmZuUlpnWmF5Mmh1WWxKdDhob2R1MiIsInN1YiI6IkxrWmswMEJmblJaZ1pheTJodVlsSnQ4aG9kdTIiLCJpYXQiOjE2MzAyMTAxMTcsImV4cCI6MTYzMDIxMzcxNywicGhvbmVfbnVtYmVyIjoiKzE0MTU5NjcxNjQyIiwiZmlyZWJhc2UiOnsiaWRlbnRpdGllcyI6eyJwaG9uZSI6WyIrMTQxNTk2NzE2NDIiXX0sInNpZ25faW5fcHJvdmlkZXIiOiJwaG9uZSJ9fQ.CRVIjNdqMJz8pguKe1CnPUMBxVDZotQyFwOaUxJDf_NB6VXB-P-SAbAgWdgqFHcWRmhV4b4et_bXMy93jNzzXEoqHsQjZCYq4TcFzgfsY85dRWohld3ttmvrujRsE9mk62JA7dogVdfuTJOkbFKpQQ8_oP9T5lJN9RoUA6q2Ldnw4iRTiu60wwaMv_1tLuuBMeNgCqH4Njg1yG8SEVkGlUMtMJot00EAYf4Tg3pNKeL4gbrPQwq44efRYjq_gaftIjN9fspGKJMPdBlEQ35KwB3qXFcaG_K9aL6BIOdD0MZ-XVcnu8HTVu6auufP6zGp7Tw3N176N008WacF8bAWuQ

Aug 28, 2021 9:47:08 PM io.gapi.emulators.netty.HttpVersionRoutingHandler channelRead
INFO: Detected non-HTTP/2 connection.
Aug 28, 2021 9:47:09 PM io.gapi.emulators.netty.HttpVersionRoutingHandler channelRead
INFO: Detected non-HTTP/2 connection.
Aug 28, 2021 9:47:09 PM io.gapi.emulators.netty.HttpVersionRoutingHandler channelRead
INFO: Detected non-HTTP/2 connection.
Aug 28, 2021 9:47:33 PM io.gapi.emulators.netty.HttpVersionRoutingHandler channelRead
INFO: Detected non-HTTP/2 connection.
Aug 28, 2021 9:47:33 PM com.google.net.webchannel.server.common.CorsFilter populateCustomHeaders
WARNING: Invalid $httpHeaders: X-Goog-Api-Client:gl-js/ fire/8.6.8
Content-Type:text/plain
X-Firebase-GMPID:1:508100650317:web:90233dfaea85f4b56e0304
Authorization:Bearer eyJhbGciOiJSUzI1NiIsImtpZCI6IjkwMDk1YmM2ZGM2ZDY3NzkxZDdkYTFlZWIxYTU1OWEzZDViMmM0ODYiLCJ0eXAiOiJKV1QifQ.eyJpc3MiOiJodHRwczovL3NlY3VyZXRva2VuLmdvb2dsZS5jb20veWF5dHNvIiwiYXVkIjoieWF5dHNvIiwiYXV0aF90aW1lIjoxNjI4OTkzMTY1LCJ1c2VyX2lkIjoiTGtaazAwQmZuUlpnWmF5Mmh1WWxKdDhob2R1MiIsInN1YiI6IkxrWmswMEJmblJaZ1pheTJodVlsSnQ4aG9kdTIiLCJpYXQiOjE2MzAyMTAxMTcsImV4cCI6MTYzMDIxMzcxNywicGhvbmVfbnVtYmVyIjoiKzE0MTU5NjcxNjQyIiwiZmlyZWJhc2UiOnsiaWRlbnRpdGllcyI6eyJwaG9uZSI6WyIrMTQxNTk2NzE2NDIiXX0sInNpZ25faW5fcHJvdmlkZXIiOiJwaG9uZSJ9fQ.CRVIjNdqMJz8pguKe1CnPUMBxVDZotQyFwOaUxJDf_NB6VXB-P-SAbAgWdgqFHcWRmhV4b4et_bXMy93jNzzXEoqHsQjZCYq4TcFzgfsY85dRWohld3ttmvrujRsE9mk62JA7dogVdfuTJOkbFKpQQ8_oP9T5lJN9RoUA6q2Ldnw4iRTiu60wwaMv_1tLuuBMeNgCqH4Njg1yG8SEVkGlUMtMJot00EAYf4Tg3pNKeL4gbrPQwq44efRYjq_gaftIjN9fspGKJMPdBlEQ35KwB3qXFcaG_K9aL6BIOdD0MZ-XVcnu8HTVu6auufP6zGp7Tw3N176N008WacF8bAWuQ

Aug 28, 2021 9:47:34 PM io.gapi.emulators.netty.HttpVersionRoutingHandler channelRead
INFO: Detected non-HTTP/2 connection.
Aug 28, 2021 9:47:34 PM io.gapi.emulators.netty.HttpVersionRoutingHandler channelRead
INFO: Detected non-HTTP/2 connection.
Aug 28, 2021 9:47:34 PM io.gapi.emulators.netty.HttpVersionRoutingHandler channelRead
INFO: Detected non-HTTP/2 connection.
Aug 28, 2021 9:47:51 PM io.gapi.emulators.netty.HttpVersionRoutingHandler channelRead
INFO: Detected non-HTTP/2 connection.
Aug 28, 2021 9:47:51 PM io.gapi.emulators.netty.HttpVersionRoutingHandler channelRead
INFO: Detected non-HTTP/2 connection.
Aug 28, 2021 9:47:51 PM com.google.net.webchannel.server.common.CorsFilter populateCustomHeaders
WARNING: Invalid $httpHeaders: X-Goog-Api-Client:gl-js/ fire/8.6.8
Content-Type:text/plain
X-Firebase-GMPID:1:508100650317:web:90233dfaea85f4b56e0304
Authorization:Bearer eyJhbGciOiJSUzI1NiIsImtpZCI6IjkwMDk1YmM2ZGM2ZDY3NzkxZDdkYTFlZWIxYTU1OWEzZDViMmM0ODYiLCJ0eXAiOiJKV1QifQ.eyJpc3MiOiJodHRwczovL3NlY3VyZXRva2VuLmdvb2dsZS5jb20veWF5dHNvIiwiYXVkIjoieWF5dHNvIiwiYXV0aF90aW1lIjoxNjI4OTkzMTY1LCJ1c2VyX2lkIjoiTGtaazAwQmZuUlpnWmF5Mmh1WWxKdDhob2R1MiIsInN1YiI6IkxrWmswMEJmblJaZ1pheTJodVlsSnQ4aG9kdTIiLCJpYXQiOjE2MzAyMTAxMTcsImV4cCI6MTYzMDIxMzcxNywicGhvbmVfbnVtYmVyIjoiKzE0MTU5NjcxNjQyIiwiZmlyZWJhc2UiOnsiaWRlbnRpdGllcyI6eyJwaG9uZSI6WyIrMTQxNTk2NzE2NDIiXX0sInNpZ25faW5fcHJvdmlkZXIiOiJwaG9uZSJ9fQ.CRVIjNdqMJz8pguKe1CnPUMBxVDZotQyFwOaUxJDf_NB6VXB-P-SAbAgWdgqFHcWRmhV4b4et_bXMy93jNzzXEoqHsQjZCYq4TcFzgfsY85dRWohld3ttmvrujRsE9mk62JA7dogVdfuTJOkbFKpQQ8_oP9T5lJN9RoUA6q2Ldnw4iRTiu60wwaMv_1tLuuBMeNgCqH4Njg1yG8SEVkGlUMtMJot00EAYf4Tg3pNKeL4gbrPQwq44efRYjq_gaftIjN9fspGKJMPdBlEQ35KwB3qXFcaG_K9aL6BIOdD0MZ-XVcnu8HTVu6auufP6zGp7Tw3N176N008WacF8bAWuQ

Aug 28, 2021 9:47:51 PM io.gapi.emulators.netty.HttpVersionRoutingHandler channelRead
INFO: Detected non-HTTP/2 connection.
Aug 28, 2021 9:47:51 PM io.gapi.emulators.netty.HttpVersionRoutingHandler channelRead
INFO: Detected non-HTTP/2 connection.
Aug 28, 2021 9:47:52 PM io.gapi.emulators.netty.HttpVersionRoutingHandler channelRead
INFO: Detected non-HTTP/2 connection.
Aug 28, 2021 9:48:05 PM io.gapi.emulators.netty.HttpVersionRoutingHandler channelRead
INFO: Detected non-HTTP/2 connection.
Aug 28, 2021 9:48:05 PM com.google.net.webchannel.server.common.CorsFilter populateCustomHeaders
WARNING: Invalid $httpHeaders: X-Goog-Api-Client:gl-js/ fire/8.6.8
Content-Type:text/plain
X-Firebase-GMPID:1:508100650317:web:90233dfaea85f4b56e0304
Authorization:Bearer eyJhbGciOiJSUzI1NiIsImtpZCI6IjkwMDk1YmM2ZGM2ZDY3NzkxZDdkYTFlZWIxYTU1OWEzZDViMmM0ODYiLCJ0eXAiOiJKV1QifQ.eyJpc3MiOiJodHRwczovL3NlY3VyZXRva2VuLmdvb2dsZS5jb20veWF5dHNvIiwiYXVkIjoieWF5dHNvIiwiYXV0aF90aW1lIjoxNjI4OTkzMTY1LCJ1c2VyX2lkIjoiTGtaazAwQmZuUlpnWmF5Mmh1WWxKdDhob2R1MiIsInN1YiI6IkxrWmswMEJmblJaZ1pheTJodVlsSnQ4aG9kdTIiLCJpYXQiOjE2MzAyMTAxMTcsImV4cCI6MTYzMDIxMzcxNywicGhvbmVfbnVtYmVyIjoiKzE0MTU5NjcxNjQyIiwiZmlyZWJhc2UiOnsiaWRlbnRpdGllcyI6eyJwaG9uZSI6WyIrMTQxNTk2NzE2NDIiXX0sInNpZ25faW5fcHJvdmlkZXIiOiJwaG9uZSJ9fQ.CRVIjNdqMJz8pguKe1CnPUMBxVDZotQyFwOaUxJDf_NB6VXB-P-SAbAgWdgqFHcWRmhV4b4et_bXMy93jNzzXEoqHsQjZCYq4TcFzgfsY85dRWohld3ttmvrujRsE9mk62JA7dogVdfuTJOkbFKpQQ8_oP9T5lJN9RoUA6q2Ldnw4iRTiu60wwaMv_1tLuuBMeNgCqH4Njg1yG8SEVkGlUMtMJot00EAYf4Tg3pNKeL4gbrPQwq44efRYjq_gaftIjN9fspGKJMPdBlEQ35KwB3qXFcaG_K9aL6BIOdD0MZ-XVcnu8HTVu6auufP6zGp7Tw3N176N008WacF8bAWuQ

Aug 28, 2021 9:48:05 PM io.gapi.emulators.netty.HttpVersionRoutingHandler channelRead
INFO: Detected non-HTTP/2 connection.
Aug 28, 2021 9:48:11 PM io.gapi.emulators.netty.HttpVersionRoutingHandler channelRead
INFO: Detected non-HTTP/2 connection.
Aug 28, 2021 9:48:11 PM io.gapi.emulators.netty.HttpVersionRoutingHandler channelRead
INFO: Detected non-HTTP/2 connection.
Aug 28, 2021 9:48:49 PM io.gapi.emulators.netty.HttpVersionRoutingHandler channelRead
INFO: Detected non-HTTP/2 connection.
Aug 28, 2021 9:48:49 PM com.google.net.webchannel.server.common.CorsFilter populateCustomHeaders
WARNING: Invalid $httpHeaders: X-Goog-Api-Client:gl-js/ fire/8.6.8
Content-Type:text/plain
X-Firebase-GMPID:1:508100650317:web:90233dfaea85f4b56e0304
Authorization:Bearer eyJhbGciOiJSUzI1NiIsImtpZCI6IjkwMDk1YmM2ZGM2ZDY3NzkxZDdkYTFlZWIxYTU1OWEzZDViMmM0ODYiLCJ0eXAiOiJKV1QifQ.eyJpc3MiOiJodHRwczovL3NlY3VyZXRva2VuLmdvb2dsZS5jb20veWF5dHNvIiwiYXVkIjoieWF5dHNvIiwiYXV0aF90aW1lIjoxNjI4OTkzMTY1LCJ1c2VyX2lkIjoiTGtaazAwQmZuUlpnWmF5Mmh1WWxKdDhob2R1MiIsInN1YiI6IkxrWmswMEJmblJaZ1pheTJodVlsSnQ4aG9kdTIiLCJpYXQiOjE2MzAyMTAxMTcsImV4cCI6MTYzMDIxMzcxNywicGhvbmVfbnVtYmVyIjoiKzE0MTU5NjcxNjQyIiwiZmlyZWJhc2UiOnsiaWRlbnRpdGllcyI6eyJwaG9uZSI6WyIrMTQxNTk2NzE2NDIiXX0sInNpZ25faW5fcHJvdmlkZXIiOiJwaG9uZSJ9fQ.CRVIjNdqMJz8pguKe1CnPUMBxVDZotQyFwOaUxJDf_NB6VXB-P-SAbAgWdgqFHcWRmhV4b4et_bXMy93jNzzXEoqHsQjZCYq4TcFzgfsY85dRWohld3ttmvrujRsE9mk62JA7dogVdfuTJOkbFKpQQ8_oP9T5lJN9RoUA6q2Ldnw4iRTiu60wwaMv_1tLuuBMeNgCqH4Njg1yG8SEVkGlUMtMJot00EAYf4Tg3pNKeL4gbrPQwq44efRYjq_gaftIjN9fspGKJMPdBlEQ35KwB3qXFcaG_K9aL6BIOdD0MZ-XVcnu8HTVu6auufP6zGp7Tw3N176N008WacF8bAWuQ

Aug 28, 2021 9:48:49 PM io.gapi.emulators.netty.HttpVersionRoutingHandler channelRead
INFO: Detected non-HTTP/2 connection.
Aug 28, 2021 9:48:50 PM io.gapi.emulators.netty.HttpVersionRoutingHandler channelRead
INFO: Detected non-HTTP/2 connection.
Aug 28, 2021 9:48:50 PM io.gapi.emulators.netty.HttpVersionRoutingHandler channelRead
INFO: Detected non-HTTP/2 connection.
Aug 28, 2021 9:48:51 PM io.gapi.emulators.netty.HttpVersionRoutingHandler channelRead
INFO: Detected non-HTTP/2 connection.
Aug 28, 2021 9:49:29 PM io.gapi.emulators.netty.HttpVersionRoutingHandler channelRead
INFO: Detected non-HTTP/2 connection.
Aug 28, 2021 9:49:29 PM io.gapi.emulators.netty.NotFoundHandler handleRequest
INFO: Unknown request URI: /p2p/QmY7JB6MQXhxHvq7dBDh4HpbH29v4yE9JRadAVpndvzySN
Aug 28, 2021 9:49:37 PM io.gapi.emulators.netty.HttpVersionRoutingHandler channelRead
INFO: Detected non-HTTP/2 connection.
Aug 28, 2021 9:49:37 PM io.gapi.emulators.netty.HttpVersionRoutingHandler channelRead
INFO: Detected non-HTTP/2 connection.
Aug 28, 2021 9:49:37 PM io.gapi.emulators.netty.HttpVersionRoutingHandler channelRead
INFO: Detected non-HTTP/2 connection.
Aug 28, 2021 9:49:43 PM io.gapi.emulators.netty.HttpVersionRoutingHandler channelRead
INFO: Detected non-HTTP/2 connection.
Aug 28, 2021 9:49:43 PM com.google.net.webchannel.server.common.CorsFilter populateCustomHeaders
WARNING: Invalid $httpHeaders: X-Goog-Api-Client:gl-js/ fire/8.6.8
Content-Type:text/plain
X-Firebase-GMPID:1:508100650317:web:90233dfaea85f4b56e0304
Authorization:Bearer eyJhbGciOiJSUzI1NiIsImtpZCI6IjkwMDk1YmM2ZGM2ZDY3NzkxZDdkYTFlZWIxYTU1OWEzZDViMmM0ODYiLCJ0eXAiOiJKV1QifQ.eyJpc3MiOiJodHRwczovL3NlY3VyZXRva2VuLmdvb2dsZS5jb20veWF5dHNvIiwiYXVkIjoieWF5dHNvIiwiYXV0aF90aW1lIjoxNjI4OTkzMTY1LCJ1c2VyX2lkIjoiTGtaazAwQmZuUlpnWmF5Mmh1WWxKdDhob2R1MiIsInN1YiI6IkxrWmswMEJmblJaZ1pheTJodVlsSnQ4aG9kdTIiLCJpYXQiOjE2MzAyMTAxMTcsImV4cCI6MTYzMDIxMzcxNywicGhvbmVfbnVtYmVyIjoiKzE0MTU5NjcxNjQyIiwiZmlyZWJhc2UiOnsiaWRlbnRpdGllcyI6eyJwaG9uZSI6WyIrMTQxNTk2NzE2NDIiXX0sInNpZ25faW5fcHJvdmlkZXIiOiJwaG9uZSJ9fQ.CRVIjNdqMJz8pguKe1CnPUMBxVDZotQyFwOaUxJDf_NB6VXB-P-SAbAgWdgqFHcWRmhV4b4et_bXMy93jNzzXEoqHsQjZCYq4TcFzgfsY85dRWohld3ttmvrujRsE9mk62JA7dogVdfuTJOkbFKpQQ8_oP9T5lJN9RoUA6q2Ldnw4iRTiu60wwaMv_1tLuuBMeNgCqH4Njg1yG8SEVkGlUMtMJot00EAYf4Tg3pNKeL4gbrPQwq44efRYjq_gaftIjN9fspGKJMPdBlEQ35KwB3qXFcaG_K9aL6BIOdD0MZ-XVcnu8HTVu6auufP6zGp7Tw3N176N008WacF8bAWuQ

Aug 28, 2021 9:49:44 PM io.gapi.emulators.netty.HttpVersionRoutingHandler channelRead
INFO: Detected non-HTTP/2 connection.
Aug 28, 2021 9:49:51 PM io.gapi.emulators.netty.HttpVersionRoutingHandler channelRead
INFO: Detected non-HTTP/2 connection.
Aug 28, 2021 9:49:54 PM io.gapi.emulators.netty.HttpVersionRoutingHandler channelRead
INFO: Detected non-HTTP/2 connection.
Aug 28, 2021 9:49:54 PM com.google.net.webchannel.server.common.CorsFilter populateCustomHeaders
WARNING: Invalid $httpHeaders: X-Goog-Api-Client:gl-js/ fire/8.6.8
Content-Type:text/plain
X-Firebase-GMPID:1:508100650317:web:90233dfaea85f4b56e0304
Authorization:Bearer eyJhbGciOiJSUzI1NiIsImtpZCI6IjkwMDk1YmM2ZGM2ZDY3NzkxZDdkYTFlZWIxYTU1OWEzZDViMmM0ODYiLCJ0eXAiOiJKV1QifQ.eyJpc3MiOiJodHRwczovL3NlY3VyZXRva2VuLmdvb2dsZS5jb20veWF5dHNvIiwiYXVkIjoieWF5dHNvIiwiYXV0aF90aW1lIjoxNjI4OTkzMTY1LCJ1c2VyX2lkIjoiTGtaazAwQmZuUlpnWmF5Mmh1WWxKdDhob2R1MiIsInN1YiI6IkxrWmswMEJmblJaZ1pheTJodVlsSnQ4aG9kdTIiLCJpYXQiOjE2MzAyMTAxMTcsImV4cCI6MTYzMDIxMzcxNywicGhvbmVfbnVtYmVyIjoiKzE0MTU5NjcxNjQyIiwiZmlyZWJhc2UiOnsiaWRlbnRpdGllcyI6eyJwaG9uZSI6WyIrMTQxNTk2NzE2NDIiXX0sInNpZ25faW5fcHJvdmlkZXIiOiJwaG9uZSJ9fQ.CRVIjNdqMJz8pguKe1CnPUMBxVDZotQyFwOaUxJDf_NB6VXB-P-SAbAgWdgqFHcWRmhV4b4et_bXMy93jNzzXEoqHsQjZCYq4TcFzgfsY85dRWohld3ttmvrujRsE9mk62JA7dogVdfuTJOkbFKpQQ8_oP9T5lJN9RoUA6q2Ldnw4iRTiu60wwaMv_1tLuuBMeNgCqH4Njg1yG8SEVkGlUMtMJot00EAYf4Tg3pNKeL4gbrPQwq44efRYjq_gaftIjN9fspGKJMPdBlEQ35KwB3qXFcaG_K9aL6BIOdD0MZ-XVcnu8HTVu6auufP6zGp7Tw3N176N008WacF8bAWuQ

Aug 28, 2021 9:49:54 PM io.gapi.emulators.netty.HttpVersionRoutingHandler channelRead
INFO: Detected non-HTTP/2 connection.
Aug 28, 2021 9:49:55 PM io.gapi.emulators.netty.HttpVersionRoutingHandler channelRead
INFO: Detected non-HTTP/2 connection.
Aug 28, 2021 9:49:55 PM io.gapi.emulators.netty.HttpVersionRoutingHandler channelRead
INFO: Detected non-HTTP/2 connection.
Aug 28, 2021 9:50:09 PM io.gapi.emulators.netty.HttpVersionRoutingHandler channelRead
INFO: Detected non-HTTP/2 connection.
Aug 28, 2021 9:50:09 PM io.gapi.emulators.netty.NotFoundHandler handleRequest
INFO: Unknown request URI: /p2p/QmV7gnbW5VTcJ3oyM2Xk1rdFBJ3kTkvxc87UFGsun29STS
Aug 28, 2021 9:50:12 PM io.gapi.emulators.netty.HttpVersionRoutingHandler channelRead
INFO: Detected non-HTTP/2 connection.
Aug 28, 2021 9:50:12 PM com.google.net.webchannel.server.common.CorsFilter populateCustomHeaders
WARNING: Invalid $httpHeaders: X-Goog-Api-Client:gl-js/ fire/8.6.8
Content-Type:text/plain
X-Firebase-GMPID:1:508100650317:web:90233dfaea85f4b56e0304
Authorization:Bearer eyJhbGciOiJSUzI1NiIsImtpZCI6IjkwMDk1YmM2ZGM2ZDY3NzkxZDdkYTFlZWIxYTU1OWEzZDViMmM0ODYiLCJ0eXAiOiJKV1QifQ.eyJpc3MiOiJodHRwczovL3NlY3VyZXRva2VuLmdvb2dsZS5jb20veWF5dHNvIiwiYXVkIjoieWF5dHNvIiwiYXV0aF90aW1lIjoxNjI4OTkzMTY1LCJ1c2VyX2lkIjoiTGtaazAwQmZuUlpnWmF5Mmh1WWxKdDhob2R1MiIsInN1YiI6IkxrWmswMEJmblJaZ1pheTJodVlsSnQ4aG9kdTIiLCJpYXQiOjE2MzAyMTAxMTcsImV4cCI6MTYzMDIxMzcxNywicGhvbmVfbnVtYmVyIjoiKzE0MTU5NjcxNjQyIiwiZmlyZWJhc2UiOnsiaWRlbnRpdGllcyI6eyJwaG9uZSI6WyIrMTQxNTk2NzE2NDIiXX0sInNpZ25faW5fcHJvdmlkZXIiOiJwaG9uZSJ9fQ.CRVIjNdqMJz8pguKe1CnPUMBxVDZotQyFwOaUxJDf_NB6VXB-P-SAbAgWdgqFHcWRmhV4b4et_bXMy93jNzzXEoqHsQjZCYq4TcFzgfsY85dRWohld3ttmvrujRsE9mk62JA7dogVdfuTJOkbFKpQQ8_oP9T5lJN9RoUA6q2Ldnw4iRTiu60wwaMv_1tLuuBMeNgCqH4Njg1yG8SEVkGlUMtMJot00EAYf4Tg3pNKeL4gbrPQwq44efRYjq_gaftIjN9fspGKJMPdBlEQ35KwB3qXFcaG_K9aL6BIOdD0MZ-XVcnu8HTVu6auufP6zGp7Tw3N176N008WacF8bAWuQ

Aug 28, 2021 9:50:12 PM io.gapi.emulators.netty.HttpVersionRoutingHandler channelRead
INFO: Detected non-HTTP/2 connection.
Aug 28, 2021 9:50:52 PM io.gapi.emulators.netty.HttpVersionRoutingHandler channelRead
INFO: Detected non-HTTP/2 connection.
Aug 28, 2021 9:50:55 PM io.gapi.emulators.netty.HttpVersionRoutingHandler channelRead
INFO: Detected non-HTTP/2 connection.
Aug 28, 2021 9:50:55 PM com.google.net.webchannel.server.common.CorsFilter populateCustomHeaders
WARNING: Invalid $httpHeaders: X-Goog-Api-Client:gl-js/ fire/8.6.8
Content-Type:text/plain
X-Firebase-GMPID:1:508100650317:web:90233dfaea85f4b56e0304
Authorization:Bearer eyJhbGciOiJSUzI1NiIsImtpZCI6IjkwMDk1YmM2ZGM2ZDY3NzkxZDdkYTFlZWIxYTU1OWEzZDViMmM0ODYiLCJ0eXAiOiJKV1QifQ.eyJpc3MiOiJodHRwczovL3NlY3VyZXRva2VuLmdvb2dsZS5jb20veWF5dHNvIiwiYXVkIjoieWF5dHNvIiwiYXV0aF90aW1lIjoxNjI4OTkzMTY1LCJ1c2VyX2lkIjoiTGtaazAwQmZuUlpnWmF5Mmh1WWxKdDhob2R1MiIsInN1YiI6IkxrWmswMEJmblJaZ1pheTJodVlsSnQ4aG9kdTIiLCJpYXQiOjE2MzAyMTAxMTcsImV4cCI6MTYzMDIxMzcxNywicGhvbmVfbnVtYmVyIjoiKzE0MTU5NjcxNjQyIiwiZmlyZWJhc2UiOnsiaWRlbnRpdGllcyI6eyJwaG9uZSI6WyIrMTQxNTk2NzE2NDIiXX0sInNpZ25faW5fcHJvdmlkZXIiOiJwaG9uZSJ9fQ.CRVIjNdqMJz8pguKe1CnPUMBxVDZotQyFwOaUxJDf_NB6VXB-P-SAbAgWdgqFHcWRmhV4b4et_bXMy93jNzzXEoqHsQjZCYq4TcFzgfsY85dRWohld3ttmvrujRsE9mk62JA7dogVdfuTJOkbFKpQQ8_oP9T5lJN9RoUA6q2Ldnw4iRTiu60wwaMv_1tLuuBMeNgCqH4Njg1yG8SEVkGlUMtMJot00EAYf4Tg3pNKeL4gbrPQwq44efRYjq_gaftIjN9fspGKJMPdBlEQ35KwB3qXFcaG_K9aL6BIOdD0MZ-XVcnu8HTVu6auufP6zGp7Tw3N176N008WacF8bAWuQ

Aug 28, 2021 9:50:55 PM io.gapi.emulators.netty.HttpVersionRoutingHandler channelRead
INFO: Detected non-HTTP/2 connection.
Aug 28, 2021 9:51:45 PM io.gapi.emulators.netty.HttpVersionRoutingHandler channelRead
INFO: Detected non-HTTP/2 connection.
Aug 28, 2021 9:51:45 PM com.google.net.webchannel.server.common.CorsFilter populateCustomHeaders
WARNING: Invalid $httpHeaders: X-Goog-Api-Client:gl-js/ fire/8.6.8
Content-Type:text/plain
X-Firebase-GMPID:1:508100650317:web:90233dfaea85f4b56e0304
Authorization:Bearer eyJhbGciOiJSUzI1NiIsImtpZCI6IjkwMDk1YmM2ZGM2ZDY3NzkxZDdkYTFlZWIxYTU1OWEzZDViMmM0ODYiLCJ0eXAiOiJKV1QifQ.eyJpc3MiOiJodHRwczovL3NlY3VyZXRva2VuLmdvb2dsZS5jb20veWF5dHNvIiwiYXVkIjoieWF5dHNvIiwiYXV0aF90aW1lIjoxNjI4OTkzMTY1LCJ1c2VyX2lkIjoiTGtaazAwQmZuUlpnWmF5Mmh1WWxKdDhob2R1MiIsInN1YiI6IkxrWmswMEJmblJaZ1pheTJodVlsSnQ4aG9kdTIiLCJpYXQiOjE2MzAyMTAxMTcsImV4cCI6MTYzMDIxMzcxNywicGhvbmVfbnVtYmVyIjoiKzE0MTU5NjcxNjQyIiwiZmlyZWJhc2UiOnsiaWRlbnRpdGllcyI6eyJwaG9uZSI6WyIrMTQxNTk2NzE2NDIiXX0sInNpZ25faW5fcHJvdmlkZXIiOiJwaG9uZSJ9fQ.CRVIjNdqMJz8pguKe1CnPUMBxVDZotQyFwOaUxJDf_NB6VXB-P-SAbAgWdgqFHcWRmhV4b4et_bXMy93jNzzXEoqHsQjZCYq4TcFzgfsY85dRWohld3ttmvrujRsE9mk62JA7dogVdfuTJOkbFKpQQ8_oP9T5lJN9RoUA6q2Ldnw4iRTiu60wwaMv_1tLuuBMeNgCqH4Njg1yG8SEVkGlUMtMJot00EAYf4Tg3pNKeL4gbrPQwq44efRYjq_gaftIjN9fspGKJMPdBlEQ35KwB3qXFcaG_K9aL6BIOdD0MZ-XVcnu8HTVu6auufP6zGp7Tw3N176N008WacF8bAWuQ

Aug 28, 2021 9:51:45 PM io.gapi.emulators.netty.HttpVersionRoutingHandler channelRead
INFO: Detected non-HTTP/2 connection.
Aug 28, 2021 9:51:52 PM io.gapi.emulators.netty.HttpVersionRoutingHandler channelRead
INFO: Detected non-HTTP/2 connection.
Aug 28, 2021 9:52:45 PM io.gapi.emulators.netty.HttpVersionRoutingHandler channelRead
INFO: Detected non-HTTP/2 connection.
Aug 28, 2021 9:52:52 PM io.gapi.emulators.netty.HttpVersionRoutingHandler channelRead
INFO: Detected non-HTTP/2 connection.
Aug 28, 2021 9:53:30 PM io.gapi.emulators.netty.HttpVersionRoutingHandler channelRead
INFO: Detected non-HTTP/2 connection.
Aug 28, 2021 9:53:30 PM io.gapi.emulators.netty.NotFoundHandler handleRequest
INFO: Unknown request URI: /p2p/Qmbut9Ywz9YEDrz8ySBSgWyJk41Uvm2QJPhwDJzJyGFsD6
Aug 28, 2021 9:53:46 PM io.gapi.emulators.netty.HttpVersionRoutingHandler channelRead
INFO: Detected non-HTTP/2 connection.
Aug 28, 2021 9:53:53 PM io.gapi.emulators.netty.HttpVersionRoutingHandler channelRead
INFO: Detected non-HTTP/2 connection.
Aug 28, 2021 9:53:59 PM io.gapi.emulators.netty.HttpVersionRoutingHandler channelRead
INFO: Detected non-HTTP/2 connection.
Aug 28, 2021 9:54:40 PM io.gapi.emulators.netty.HttpVersionRoutingHandler channelRead
INFO: Detected non-HTTP/2 connection.
Aug 28, 2021 9:54:46 PM io.gapi.emulators.netty.HttpVersionRoutingHandler channelRead
INFO: Detected non-HTTP/2 connection.
Aug 28, 2021 9:54:53 PM io.gapi.emulators.netty.HttpVersionRoutingHandler channelRead
INFO: Detected non-HTTP/2 connection.
Aug 28, 2021 9:55:09 PM io.gapi.emulators.netty.HttpVersionRoutingHandler channelRead
INFO: Detected non-HTTP/2 connection.
Aug 28, 2021 9:55:09 PM com.google.net.webchannel.server.common.CorsFilter populateCustomHeaders
WARNING: Invalid $httpHeaders: X-Goog-Api-Client:gl-js/ fire/8.6.8
Content-Type:text/plain
X-Firebase-GMPID:1:508100650317:web:90233dfaea85f4b56e0304
Authorization:Bearer eyJhbGciOiJSUzI1NiIsImtpZCI6IjkwMDk1YmM2ZGM2ZDY3NzkxZDdkYTFlZWIxYTU1OWEzZDViMmM0ODYiLCJ0eXAiOiJKV1QifQ.eyJpc3MiOiJodHRwczovL3NlY3VyZXRva2VuLmdvb2dsZS5jb20veWF5dHNvIiwiYXVkIjoieWF5dHNvIiwiYXV0aF90aW1lIjoxNjI4OTkzMTY1LCJ1c2VyX2lkIjoiTGtaazAwQmZuUlpnWmF5Mmh1WWxKdDhob2R1MiIsInN1YiI6IkxrWmswMEJmblJaZ1pheTJodVlsSnQ4aG9kdTIiLCJpYXQiOjE2MzAyMTAxMTcsImV4cCI6MTYzMDIxMzcxNywicGhvbmVfbnVtYmVyIjoiKzE0MTU5NjcxNjQyIiwiZmlyZWJhc2UiOnsiaWRlbnRpdGllcyI6eyJwaG9uZSI6WyIrMTQxNTk2NzE2NDIiXX0sInNpZ25faW5fcHJvdmlkZXIiOiJwaG9uZSJ9fQ.CRVIjNdqMJz8pguKe1CnPUMBxVDZotQyFwOaUxJDf_NB6VXB-P-SAbAgWdgqFHcWRmhV4b4et_bXMy93jNzzXEoqHsQjZCYq4TcFzgfsY85dRWohld3ttmvrujRsE9mk62JA7dogVdfuTJOkbFKpQQ8_oP9T5lJN9RoUA6q2Ldnw4iRTiu60wwaMv_1tLuuBMeNgCqH4Njg1yG8SEVkGlUMtMJot00EAYf4Tg3pNKeL4gbrPQwq44efRYjq_gaftIjN9fspGKJMPdBlEQ35KwB3qXFcaG_K9aL6BIOdD0MZ-XVcnu8HTVu6auufP6zGp7Tw3N176N008WacF8bAWuQ

Aug 28, 2021 9:55:09 PM io.gapi.emulators.netty.HttpVersionRoutingHandler channelRead
INFO: Detected non-HTTP/2 connection.
Aug 28, 2021 9:55:15 PM io.gapi.emulators.netty.HttpVersionRoutingHandler channelRead
INFO: Detected non-HTTP/2 connection.
Aug 28, 2021 9:55:15 PM com.google.net.webchannel.server.common.CorsFilter populateCustomHeaders
WARNING: Invalid $httpHeaders: X-Goog-Api-Client:gl-js/ fire/8.6.8
Content-Type:text/plain
X-Firebase-GMPID:1:508100650317:web:90233dfaea85f4b56e0304
Authorization:Bearer eyJhbGciOiJSUzI1NiIsImtpZCI6IjkwMDk1YmM2ZGM2ZDY3NzkxZDdkYTFlZWIxYTU1OWEzZDViMmM0ODYiLCJ0eXAiOiJKV1QifQ.eyJpc3MiOiJodHRwczovL3NlY3VyZXRva2VuLmdvb2dsZS5jb20veWF5dHNvIiwiYXVkIjoieWF5dHNvIiwiYXV0aF90aW1lIjoxNjI4OTkzMTY1LCJ1c2VyX2lkIjoiTGtaazAwQmZuUlpnWmF5Mmh1WWxKdDhob2R1MiIsInN1YiI6IkxrWmswMEJmblJaZ1pheTJodVlsSnQ4aG9kdTIiLCJpYXQiOjE2MzAyMTAxMTcsImV4cCI6MTYzMDIxMzcxNywicGhvbmVfbnVtYmVyIjoiKzE0MTU5NjcxNjQyIiwiZmlyZWJhc2UiOnsiaWRlbnRpdGllcyI6eyJwaG9uZSI6WyIrMTQxNTk2NzE2NDIiXX0sInNpZ25faW5fcHJvdmlkZXIiOiJwaG9uZSJ9fQ.CRVIjNdqMJz8pguKe1CnPUMBxVDZotQyFwOaUxJDf_NB6VXB-P-SAbAgWdgqFHcWRmhV4b4et_bXMy93jNzzXEoqHsQjZCYq4TcFzgfsY85dRWohld3ttmvrujRsE9mk62JA7dogVdfuTJOkbFKpQQ8_oP9T5lJN9RoUA6q2Ldnw4iRTiu60wwaMv_1tLuuBMeNgCqH4Njg1yG8SEVkGlUMtMJot00EAYf4Tg3pNKeL4gbrPQwq44efRYjq_gaftIjN9fspGKJMPdBlEQ35KwB3qXFcaG_K9aL6BIOdD0MZ-XVcnu8HTVu6auufP6zGp7Tw3N176N008WacF8bAWuQ

Aug 28, 2021 9:55:16 PM io.gapi.emulators.netty.HttpVersionRoutingHandler channelRead
INFO: Detected non-HTTP/2 connection.
Aug 28, 2021 9:55:20 PM io.gapi.emulators.netty.HttpVersionRoutingHandler channelRead
INFO: Detected non-HTTP/2 connection.
Aug 28, 2021 9:55:20 PM com.google.net.webchannel.server.common.CorsFilter populateCustomHeaders
WARNING: Invalid $httpHeaders: X-Goog-Api-Client:gl-js/ fire/8.6.8
Content-Type:text/plain
X-Firebase-GMPID:1:508100650317:web:90233dfaea85f4b56e0304
Authorization:Bearer eyJhbGciOiJSUzI1NiIsImtpZCI6IjkwMDk1YmM2ZGM2ZDY3NzkxZDdkYTFlZWIxYTU1OWEzZDViMmM0ODYiLCJ0eXAiOiJKV1QifQ.eyJpc3MiOiJodHRwczovL3NlY3VyZXRva2VuLmdvb2dsZS5jb20veWF5dHNvIiwiYXVkIjoieWF5dHNvIiwiYXV0aF90aW1lIjoxNjI4OTkzMTY1LCJ1c2VyX2lkIjoiTGtaazAwQmZuUlpnWmF5Mmh1WWxKdDhob2R1MiIsInN1YiI6IkxrWmswMEJmblJaZ1pheTJodVlsSnQ4aG9kdTIiLCJpYXQiOjE2MzAyMTAxMTcsImV4cCI6MTYzMDIxMzcxNywicGhvbmVfbnVtYmVyIjoiKzE0MTU5NjcxNjQyIiwiZmlyZWJhc2UiOnsiaWRlbnRpdGllcyI6eyJwaG9uZSI6WyIrMTQxNTk2NzE2NDIiXX0sInNpZ25faW5fcHJvdmlkZXIiOiJwaG9uZSJ9fQ.CRVIjNdqMJz8pguKe1CnPUMBxVDZotQyFwOaUxJDf_NB6VXB-P-SAbAgWdgqFHcWRmhV4b4et_bXMy93jNzzXEoqHsQjZCYq4TcFzgfsY85dRWohld3ttmvrujRsE9mk62JA7dogVdfuTJOkbFKpQQ8_oP9T5lJN9RoUA6q2Ldnw4iRTiu60wwaMv_1tLuuBMeNgCqH4Njg1yG8SEVkGlUMtMJot00EAYf4Tg3pNKeL4gbrPQwq44efRYjq_gaftIjN9fspGKJMPdBlEQ35KwB3qXFcaG_K9aL6BIOdD0MZ-XVcnu8HTVu6auufP6zGp7Tw3N176N008WacF8bAWuQ

Aug 28, 2021 9:55:20 PM io.gapi.emulators.netty.HttpVersionRoutingHandler channelRead
INFO: Detected non-HTTP/2 connection.
Aug 28, 2021 9:55:53 PM io.gapi.emulators.netty.HttpVersionRoutingHandler channelRead
INFO: Detected non-HTTP/2 connection.
Aug 28, 2021 9:56:20 PM io.gapi.emulators.netty.HttpVersionRoutingHandler channelRead
INFO: Detected non-HTTP/2 connection.
Aug 28, 2021 9:56:54 PM io.gapi.emulators.netty.HttpVersionRoutingHandler channelRead
INFO: Detected non-HTTP/2 connection.
Aug 28, 2021 9:57:21 PM io.gapi.emulators.netty.HttpVersionRoutingHandler channelRead
INFO: Detected non-HTTP/2 connection.
Aug 28, 2021 9:57:54 PM io.gapi.emulators.netty.HttpVersionRoutingHandler channelRead
INFO: Detected non-HTTP/2 connection.
Aug 28, 2021 9:58:21 PM io.gapi.emulators.netty.HttpVersionRoutingHandler channelRead
INFO: Detected non-HTTP/2 connection.
Aug 28, 2021 9:58:54 PM io.gapi.emulators.netty.HttpVersionRoutingHandler channelRead
INFO: Detected non-HTTP/2 connection.
Aug 28, 2021 9:59:02 PM io.gapi.emulators.netty.HttpVersionRoutingHandler channelRead
INFO: Detected non-HTTP/2 connection.
Aug 28, 2021 9:59:06 PM io.gapi.emulators.netty.HttpVersionRoutingHandler channelRead
INFO: Detected non-HTTP/2 connection.
Aug 28, 2021 9:59:55 PM io.gapi.emulators.netty.HttpVersionRoutingHandler channelRead
INFO: Detected non-HTTP/2 connection.
Aug 28, 2021 10:00:07 PM io.gapi.emulators.netty.HttpVersionRoutingHandler channelRead
INFO: Detected non-HTTP/2 connection.
Aug 28, 2021 10:00:52 PM io.gapi.emulators.netty.HttpVersionRoutingHandler channelRead
INFO: Detected non-HTTP/2 connection.
Aug 28, 2021 10:00:52 PM io.gapi.emulators.netty.NotFoundHandler handleRequest
INFO: Unknown request URI: /p2p/QmY7JB6MQXhxHvq7dBDh4HpbH29v4yE9JRadAVpndvzySN
Aug 28, 2021 10:00:54 PM io.gapi.emulators.netty.HttpVersionRoutingHandler channelRead
INFO: Detected non-HTTP/2 connection.
Aug 28, 2021 10:00:55 PM io.gapi.emulators.netty.HttpVersionRoutingHandler channelRead
INFO: Detected non-HTTP/2 connection.
Aug 28, 2021 10:01:07 PM io.gapi.emulators.netty.HttpVersionRoutingHandler channelRead
INFO: Detected non-HTTP/2 connection.
Aug 28, 2021 10:01:52 PM io.gapi.emulators.netty.HttpVersionRoutingHandler channelRead
INFO: Detected non-HTTP/2 connection.
Aug 28, 2021 10:01:52 PM io.gapi.emulators.netty.NotFoundHandler handleRequest
INFO: Unknown request URI: /p2p/QmZMxNdpMkewiVZLMRxaNxUeZpDUb34pWjZ1kZvsd16Zic
Aug 28, 2021 10:01:55 PM io.gapi.emulators.netty.HttpVersionRoutingHandler channelRead
INFO: Detected non-HTTP/2 connection.
Aug 28, 2021 10:02:08 PM io.gapi.emulators.netty.HttpVersionRoutingHandler channelRead
INFO: Detected non-HTTP/2 connection.
Aug 28, 2021 10:02:56 PM io.gapi.emulators.netty.HttpVersionRoutingHandler channelRead
INFO: Detected non-HTTP/2 connection.
Aug 28, 2021 10:03:08 PM io.gapi.emulators.netty.HttpVersionRoutingHandler channelRead
INFO: Detected non-HTTP/2 connection.
Aug 28, 2021 10:03:39 PM io.gapi.emulators.netty.HttpVersionRoutingHandler channelRead
INFO: Detected non-HTTP/2 connection.
Aug 28, 2021 10:03:39 PM io.gapi.emulators.netty.HttpVersionRoutingHandler channelRead
INFO: Detected non-HTTP/2 connection.
Aug 28, 2021 10:03:39 PM com.google.cloud.datastore.emulator.firestore.webchannel.FirestoreV1WebChannelAdapter$FirestoreListenHandler onClose
INFO: channel closed
Aug 28, 2021 10:03:39 PM com.google.net.webchannel.server.common.CorsFilter populateCustomHeaders
WARNING: Invalid $httpHeaders: X-Goog-Api-Client:gl-js/ fire/8.6.8
Content-Type:text/plain
X-Firebase-GMPID:1:508100650317:web:90233dfaea85f4b56e0304
Authorization:Bearer eyJhbGciOiJSUzI1NiIsImtpZCI6IjkwMDk1YmM2ZGM2ZDY3NzkxZDdkYTFlZWIxYTU1OWEzZDViMmM0ODYiLCJ0eXAiOiJKV1QifQ.eyJpc3MiOiJodHRwczovL3NlY3VyZXRva2VuLmdvb2dsZS5jb20veWF5dHNvIiwiYXVkIjoieWF5dHNvIiwiYXV0aF90aW1lIjoxNjI4OTkzMTY1LCJ1c2VyX2lkIjoiTGtaazAwQmZuUlpnWmF5Mmh1WWxKdDhob2R1MiIsInN1YiI6IkxrWmswMEJmblJaZ1pheTJodVlsSnQ4aG9kdTIiLCJpYXQiOjE2MzAyMTM0MTcsImV4cCI6MTYzMDIxNzAxNywicGhvbmVfbnVtYmVyIjoiKzE0MTU5NjcxNjQyIiwiZmlyZWJhc2UiOnsiaWRlbnRpdGllcyI6eyJwaG9uZSI6WyIrMTQxNTk2NzE2NDIiXX0sInNpZ25faW5fcHJvdmlkZXIiOiJwaG9uZSJ9fQ.KCf_KfTR8epRk506jAIvtZ4UO1BEO_yLW1h5QfenMJqV9PyMwVHFZsy0irTKDxlCTajtBvY3ggBFAXnoGfwymnjzhDwVxTHfjlzqTeRCSOH93Yc2VKRwVl-xRMOlIp62_l4WmD_qucQIcEOBaWxb2R7OEwH7KWbHakehNC7crGkOBs8wJFrK550HHiPoBqO9yvcPB5FHEIFZVI5q64QSvb75oH-71BbhRDzDcs2C3bbflVl8ho_uv4BvCTbJMDdUHI52O2_ayUmU5B_k6RL95S-wemGxp14AZ8R0EjfGHC--Nr2OWbIM1nMiZC48ilT_rVvn5UKhQ_edAzwLIUQTAQ

Aug 28, 2021 10:03:39 PM io.gapi.emulators.netty.HttpVersionRoutingHandler channelRead
INFO: Detected non-HTTP/2 connection.
Aug 28, 2021 10:03:56 PM io.gapi.emulators.netty.HttpVersionRoutingHandler channelRead
INFO: Detected non-HTTP/2 connection.
Aug 28, 2021 10:03:59 PM io.gapi.emulators.netty.HttpVersionRoutingHandler channelRead
INFO: Detected non-HTTP/2 connection.
Aug 28, 2021 10:04:39 PM io.gapi.emulators.netty.HttpVersionRoutingHandler channelRead
INFO: Detected non-HTTP/2 connection.
Aug 28, 2021 10:04:56 PM io.gapi.emulators.netty.HttpVersionRoutingHandler channelRead
INFO: Detected non-HTTP/2 connection.
Aug 28, 2021 10:05:40 PM io.gapi.emulators.netty.HttpVersionRoutingHandler channelRead
INFO: Detected non-HTTP/2 connection.
Aug 28, 2021 10:05:57 PM io.gapi.emulators.netty.HttpVersionRoutingHandler channelRead
INFO: Detected non-HTTP/2 connection.
Aug 28, 2021 10:06:40 PM io.gapi.emulators.netty.HttpVersionRoutingHandler channelRead
INFO: Detected non-HTTP/2 connection.
Aug 28, 2021 10:06:43 PM io.gapi.emulators.netty.HttpVersionRoutingHandler channelRead
INFO: Detected non-HTTP/2 connection.
Aug 28, 2021 10:07:02 PM io.gapi.emulators.netty.HttpVersionRoutingHandler channelRead
INFO: Detected non-HTTP/2 connection.
Aug 28, 2021 10:07:29 PM io.gapi.emulators.netty.HttpVersionRoutingHandler channelRead
INFO: Detected non-HTTP/2 connection.
Aug 28, 2021 10:07:40 PM io.gapi.emulators.netty.HttpVersionRoutingHandler channelRead
INFO: Detected non-HTTP/2 connection.
Aug 28, 2021 10:07:43 PM io.gapi.emulators.netty.HttpVersionRoutingHandler channelRead
INFO: Detected non-HTTP/2 connection.
Aug 28, 2021 10:08:41 PM io.gapi.emulators.netty.HttpVersionRoutingHandler channelRead
INFO: Detected non-HTTP/2 connection.
Aug 28, 2021 10:08:44 PM io.gapi.emulators.netty.HttpVersionRoutingHandler channelRead
INFO: Detected non-HTTP/2 connection.
Aug 28, 2021 10:08:45 PM io.gapi.emulators.netty.HttpVersionRoutingHandler channelRead
INFO: Detected non-HTTP/2 connection.
Aug 28, 2021 10:09:41 PM io.gapi.emulators.netty.HttpVersionRoutingHandler channelRead
INFO: Detected non-HTTP/2 connection.
Aug 28, 2021 10:10:00 PM io.gapi.emulators.netty.HttpVersionRoutingHandler channelRead
INFO: Detected non-HTTP/2 connection.
Aug 28, 2021 10:10:41 PM io.gapi.emulators.netty.HttpVersionRoutingHandler channelRead
INFO: Detected non-HTTP/2 connection.
Aug 28, 2021 10:11:00 PM io.gapi.emulators.netty.HttpVersionRoutingHandler channelRead
INFO: Detected non-HTTP/2 connection.
Aug 28, 2021 10:11:31 PM io.gapi.emulators.netty.HttpVersionRoutingHandler channelRead
INFO: Detected non-HTTP/2 connection.
Aug 28, 2021 10:11:42 PM io.gapi.emulators.netty.HttpVersionRoutingHandler channelRead
INFO: Detected non-HTTP/2 connection.
Aug 28, 2021 10:12:01 PM io.gapi.emulators.netty.HttpVersionRoutingHandler channelRead
INFO: Detected non-HTTP/2 connection.
Aug 28, 2021 10:12:42 PM io.gapi.emulators.netty.HttpVersionRoutingHandler channelRead
INFO: Detected non-HTTP/2 connection.
Aug 28, 2021 10:13:01 PM io.gapi.emulators.netty.HttpVersionRoutingHandler channelRead
INFO: Detected non-HTTP/2 connection.
Aug 28, 2021 10:13:42 PM io.gapi.emulators.netty.HttpVersionRoutingHandler channelRead
INFO: Detected non-HTTP/2 connection.
Aug 28, 2021 10:14:01 PM io.gapi.emulators.netty.HttpVersionRoutingHandler channelRead
INFO: Detected non-HTTP/2 connection.
Aug 28, 2021 10:14:58 PM io.gapi.emulators.netty.HttpVersionRoutingHandler channelRead
INFO: Detected non-HTTP/2 connection.
Aug 28, 2021 10:15:17 PM io.gapi.emulators.netty.HttpVersionRoutingHandler channelRead
INFO: Detected non-HTTP/2 connection.
